<?xml version="1.0" encoding="UTF-8"?>
<!-- Generated by org.testng.reporters.JUnitXMLReporter -->
<testsuite ignored="3" hostname="STREAMSOFT-0217" failures="0" tests="1" name="Default test" time="0.032" errors="0" timestamp="22 mar 2021 11:52:58 GMT">
  <testcase classname="maven.BackDayTest" name="testBackWeekend3" time="0.017"/>
  <testcase classname="maven.BackDayTest" name="testBackWeekend" time="0.0">
    <ignored/>
  </testcase> <!-- testBackWeekend -->
  <testcase classname="maven.BackDayTest" name="testBackWeekend2" time="0.0">
    <ignored/>
  </testcase> <!-- testBackWeekend2 -->
  <testcase classname="maven.BackDayTest" name="testBackDay" time="0.0">
    <ignored/>
  </testcase> <!-- testBackDay -->
</testsuite> <!-- Default test -->
