<?xml version="1.0" encoding="UTF-8"?>
<testng-results ignored="3" total="4" passed="1" failed="0" skipped="0">
  <reporter-output>
  </reporter-output>
  <suite started-at="2021-03-23T14:00:00Z" name="Default suite" finished-at="2021-03-23T14:00:00Z" duration-ms="28">
    <groups>
    </groups>
    <test started-at="2021-03-23T14:00:00Z" name="Default test" finished-at="2021-03-23T14:00:00Z" duration-ms="28">
      <class name="maven.BackDayTest">
        <test-method signature="testBackWeekend()[pri:0, instance:maven.BackDayTest@389c4eb1]" started-at="2021-03-23T15:00:00Z" name="testBackWeekend" finished-at="2021-03-23T15:00:00Z" duration-ms="15" status="PASS">
          <reporter-output>
          </reporter-output>
        </test-method> <!-- testBackWeekend -->
      </class> <!-- maven.BackDayTest -->
    </test> <!-- Default test -->
  </suite> <!-- Default suite -->
</testng-results>
